  [1m[35m (504.3ms)[0m  [1m[35mCREATE DATABASE "surfCampApp_development" ENCODING = 'unicode'[0m
  ↳ bin/rails:9
  [1m[35m (404.1ms)[0m  [1m[35mCREATE DATABASE "surfCampApp_test" ENCODING = 'unicode'[0m
  ↳ bin/rails:9
  [1m[35m (36.6ms)[0m  [1m[35mCREATE TABLE "schema_migrations" ("version" character varying NOT NULL PRIMARY KEY)[0m
  ↳ bin/rails:9
  [1m[35m (11.1ms)[0m  [1m[35mCREATE TABLE "ar_internal_metadata" ("key" character varying NOT NULL PRIMARY KEY, "value" character varying, "created_at" timestamp NOT NULL, "updated_at" timestamp NOT NULL)[0m
  ↳ bin/rails:9
  [1m[35m (4.1ms)[0m  [1m[34mSELECT pg_try_advisory_lock(3144630128635722090)[0m
  ↳ bin/rails:9
  [1m[35m (2.9ms)[0m  [1m[34mSELECT "schema_migrations"."version" FROM "schema_migrations" ORDER BY "schema_migrations"."version" ASC[0m
  ↳ bin/rails:9
Migrating to CreateUsers (20190730181550)
  [1m[35m (2.0ms)[0m  [1m[35mBEGIN[0m
  ↳ bin/rails:9
  [1m[35m (21.9ms)[0m  [1m[35mCREATE TABLE "users" ("id" bigserial primary key, "first_name" character varying NOT NULL, "last_name" character varying NOT NULL, "email" character varying NOT NULL, "session_token" character varying NOT NULL, "password_digest" character varying NOT NULL, "zip_code" integer NOT NULL, "created_at" timestamp NOT NULL, "updated_at" timestamp NOT NULL)[0m
  ↳ db/migrate/20190730181550_create_users.rb:3
  [1m[35m (4.3ms)[0m  [1m[35mCREATE UNIQUE INDEX  "index_users_on_session_token" ON "users"  ("session_token")[0m
  ↳ db/migrate/20190730181550_create_users.rb:12
  [1m[35m (2.8ms)[0m  [1m[35mCREATE UNIQUE INDEX  "index_users_on_email" ON "users"  ("email")[0m
  ↳ db/migrate/20190730181550_create_users.rb:13
  [1m[35m (2.1ms)[0m  [1m[35mCREATE UNIQUE INDEX  "index_users_on_password_digest" ON "users"  ("password_digest")[0m
  ↳ db/migrate/20190730181550_create_users.rb:14
  [1m[36mActiveRecord::SchemaMigration Create (10.1ms)[0m  [1m[32mINSERT INTO "schema_migrations" ("version") VALUES ($1) RETURNING "version"[0m  [["version", "20190730181550"]]
  ↳ bin/rails:9
  [1m[35m (2.8ms)[0m  [1m[35mCOMMIT[0m
  ↳ bin/rails:9
  [1m[36mActiveRecord::InternalMetadata Load (0.6ms)[0m  [1m[34mSELECT  "ar_internal_metadata".* FROM "ar_internal_metadata" WHERE "ar_internal_metadata"."key" = $1 LIMIT $2[0m  [["key", "environment"], ["LIMIT", 1]]
  ↳ bin/rails:9
  [1m[35m (0.2ms)[0m  [1m[35mBEGIN[0m
  ↳ bin/rails:9
  [1m[36mActiveRecord::InternalMetadata Create (2.9ms)[0m  [1m[32mINSERT INTO "ar_internal_metadata" ("key", "value", "created_at", "updated_at") VALUES ($1, $2, $3, $4) RETURNING "key"[0m  [["key", "environment"], ["value", "development"], ["created_at", "2019-07-30 18:36:05.344493"], ["updated_at", "2019-07-30 18:36:05.344493"]]
  ↳ bin/rails:9
  [1m[35m (1.5ms)[0m  [1m[35mCOMMIT[0m
  ↳ bin/rails:9
  [1m[35m (0.3ms)[0m  [1m[34mSELECT pg_advisory_unlock(3144630128635722090)[0m
  ↳ bin/rails:9
  [1m[35m (1.5ms)[0m  [1m[34mSELECT "schema_migrations"."version" FROM "schema_migrations" ORDER BY "schema_migrations"."version" ASC[0m
  ↳ bin/rails:9
Started GET "/" for ::1 at 2019-07-30 20:50:10 -0400
  [1m[35m (3.6ms)[0m  [1m[34mSELECT "schema_migrations"."version" FROM "schema_migrations" ORDER BY "schema_migrations"."version" ASC[0m
  ↳ /Users/galodesalazar/.rbenv/versions/2.5.1/lib/ruby/gems/2.5.0/gems/activerecord-5.2.3/lib/active_record/log_subscriber.rb:98
Processing by StaticPagesController#root as HTML
  Rendering static_pages/root.html.erb within layouts/application
  Rendered static_pages/root.html.erb within layouts/application (2.6ms)
Completed 200 OK in 3765ms (Views: 3761.4ms | ActiveRecord: 0.0ms)


Started GET "/" for ::1 at 2019-07-30 20:51:21 -0400
Processing by StaticPagesController#root as HTML
  Rendering static_pages/root.html.erb within layouts/application
  Rendered static_pages/root.html.erb within layouts/application (0.5ms)
Completed 200 OK in 69ms (Views: 65.8ms | ActiveRecord: 0.0ms)


Started GET "/" for ::1 at 2019-07-30 20:51:23 -0400
Processing by StaticPagesController#root as HTML
  Rendering static_pages/root.html.erb within layouts/application
  Rendered static_pages/root.html.erb within layouts/application (0.4ms)
Completed 200 OK in 40ms (Views: 36.6ms | ActiveRecord: 0.0ms)


Started GET "/" for ::1 at 2019-07-30 20:52:32 -0400
Processing by StaticPagesController#root as HTML
  Rendering static_pages/root.html.erb within layouts/application
  Rendered static_pages/root.html.erb within layouts/application (0.4ms)
Completed 200 OK in 70ms (Views: 66.7ms | ActiveRecord: 0.0ms)


Started GET "/" for ::1 at 2019-07-30 20:52:33 -0400
Processing by StaticPagesController#root as HTML
  Rendering static_pages/root.html.erb within layouts/application
  Rendered static_pages/root.html.erb within layouts/application (0.4ms)
Completed 200 OK in 46ms (Views: 43.3ms | ActiveRecord: 0.0ms)


Started GET "/" for ::1 at 2019-07-30 20:59:48 -0400
Processing by StaticPagesController#root as HTML
  Rendering static_pages/root.html.erb within layouts/application
  Rendered static_pages/root.html.erb within layouts/application (2.4ms)
Completed 200 OK in 537ms (Views: 529.5ms | ActiveRecord: 0.0ms)


Started GET "/" for ::1 at 2019-07-30 21:01:41 -0400
Processing by StaticPagesController#root as HTML
  Rendering static_pages/root.html.erb within layouts/application
  Rendered static_pages/root.html.erb within layouts/application (0.6ms)
Completed 200 OK in 82ms (Views: 78.8ms | ActiveRecord: 0.0ms)


Started GET "/" for ::1 at 2019-07-31 10:06:43 -0400
Processing by StaticPagesController#root as HTML
  Rendering static_pages/root.html.erb within layouts/application
  Rendered static_pages/root.html.erb within layouts/application (3.4ms)
Completed 200 OK in 854ms (Views: 846.4ms | ActiveRecord: 0.0ms)


Started GET "/" for ::1 at 2019-07-31 10:21:07 -0400
Processing by StaticPagesController#root as HTML
  Rendering static_pages/root.html.erb within layouts/application
  Rendered static_pages/root.html.erb within layouts/application (8.1ms)
Completed 200 OK in 108ms (Views: 103.3ms | ActiveRecord: 0.0ms)


Started GET "/" for ::1 at 2019-07-31 10:21:37 -0400
Processing by StaticPagesController#root as HTML
  Rendering static_pages/root.html.erb within layouts/application
  Rendered static_pages/root.html.erb within layouts/application (6.4ms)
Completed 200 OK in 79ms (Views: 76.7ms | ActiveRecord: 0.0ms)


Started GET "/" for ::1 at 2019-07-31 10:21:38 -0400
Processing by StaticPagesController#root as HTML
  Rendering static_pages/root.html.erb within layouts/application
  Rendered static_pages/root.html.erb within layouts/application (2.9ms)
Completed 200 OK in 46ms (Views: 43.8ms | ActiveRecord: 0.0ms)


Started GET "/" for ::1 at 2019-07-31 10:31:17 -0400
Processing by StaticPagesController#root as HTML
  Rendering static_pages/root.html.erb within layouts/application
  Rendered static_pages/root.html.erb within layouts/application (1.0ms)
Completed 200 OK in 146ms (Views: 141.7ms | ActiveRecord: 0.0ms)


Started GET "/" for ::1 at 2019-07-31 10:40:05 -0400
Processing by StaticPagesController#root as HTML
  Rendering static_pages/root.html.erb within layouts/application
  Rendered static_pages/root.html.erb within layouts/application (0.6ms)
Completed 200 OK in 508ms (Views: 501.4ms | ActiveRecord: 0.0ms)


Started GET "/" for ::1 at 2019-07-31 11:12:07 -0400
Processing by StaticPagesController#root as HTML
  Rendering static_pages/root.html.erb within layouts/application
  Rendered static_pages/root.html.erb within layouts/application (2.1ms)
Completed 200 OK in 148ms (Views: 137.3ms | ActiveRecord: 0.0ms)


Started GET "/" for ::1 at 2019-07-31 11:12:24 -0400
Processing by StaticPagesController#root as HTML
  Rendering static_pages/root.html.erb within layouts/application
  Rendered static_pages/root.html.erb within layouts/application (0.8ms)
Completed 200 OK in 92ms (Views: 88.6ms | ActiveRecord: 0.0ms)


Started GET "/" for ::1 at 2019-07-31 11:40:05 -0400
Processing by StaticPagesController#root as HTML
  Rendering static_pages/root.html.erb within layouts/application
  Rendered static_pages/root.html.erb within layouts/application (2.3ms)
Completed 200 OK in 181ms (Views: 173.1ms | ActiveRecord: 0.0ms)


Started GET "/" for ::1 at 2019-07-31 12:23:23 -0400
Processing by StaticPagesController#root as HTML
  Rendering static_pages/root.html.erb within layouts/application
  Rendered static_pages/root.html.erb within layouts/application (1.9ms)
Completed 200 OK in 124ms (Views: 117.3ms | ActiveRecord: 0.0ms)


Started GET "/" for ::1 at 2019-07-31 12:56:27 -0400
Processing by StaticPagesController#root as HTML
  Rendering static_pages/root.html.erb within layouts/application
  Rendered static_pages/root.html.erb within layouts/application (1.6ms)
Completed 200 OK in 499ms (Views: 492.9ms | ActiveRecord: 0.0ms)


Started GET "/" for ::1 at 2019-07-31 12:56:29 -0400
Processing by StaticPagesController#root as HTML
  Rendering static_pages/root.html.erb within layouts/application
  Rendered static_pages/root.html.erb within layouts/application (2.9ms)
Completed 200 OK in 41ms (Views: 39.6ms | ActiveRecord: 0.0ms)


Started GET "/" for ::1 at 2019-07-31 12:56:48 -0400
Processing by StaticPagesController#root as HTML
  Rendering static_pages/root.html.erb within layouts/application
  Rendered static_pages/root.html.erb within layouts/application (0.5ms)
Completed 200 OK in 448ms (Views: 445.2ms | ActiveRecord: 0.0ms)


Started GET "/" for ::1 at 2019-07-31 13:19:22 -0400
Processing by StaticPagesController#root as HTML
  Rendering static_pages/root.html.erb within layouts/application
  Rendered static_pages/root.html.erb within layouts/application (3.6ms)
Completed 200 OK in 145ms (Views: 137.8ms | ActiveRecord: 0.0ms)


Started GET "/" for ::1 at 2019-07-31 13:37:59 -0400
Processing by StaticPagesController#root as HTML
  Rendering static_pages/root.html.erb within layouts/application
  Rendered static_pages/root.html.erb within layouts/application (0.5ms)
Completed 200 OK in 504ms (Views: 500.8ms | ActiveRecord: 0.0ms)


Started GET "/" for ::1 at 2019-07-31 13:39:09 -0400
Processing by StaticPagesController#root as HTML
  Rendering static_pages/root.html.erb within layouts/application
  Rendered static_pages/root.html.erb within layouts/application (4.1ms)
Completed 200 OK in 524ms (Views: 518.6ms | ActiveRecord: 0.0ms)


Started GET "/" for ::1 at 2019-07-31 13:39:58 -0400
Processing by StaticPagesController#root as HTML
  Rendering static_pages/root.html.erb within layouts/application
  Rendered static_pages/root.html.erb within layouts/application (0.5ms)
Completed 200 OK in 472ms (Views: 468.6ms | ActiveRecord: 0.0ms)


Started GET "/" for ::1 at 2019-07-31 13:41:53 -0400
Processing by StaticPagesController#root as HTML
  Rendering static_pages/root.html.erb within layouts/application
  Rendered static_pages/root.html.erb within layouts/application (0.5ms)
Completed 200 OK in 82ms (Views: 78.7ms | ActiveRecord: 0.0ms)


Started GET "/" for ::1 at 2019-07-31 14:00:38 -0400
Processing by StaticPagesController#root as HTML
  Rendering static_pages/root.html.erb within layouts/application
  Rendered static_pages/root.html.erb within layouts/application (2.2ms)
Completed 200 OK in 623ms (Views: 617.2ms | ActiveRecord: 0.0ms)


Started GET "/" for ::1 at 2019-07-31 14:00:54 -0400
Processing by StaticPagesController#root as HTML
  Rendering static_pages/root.html.erb within layouts/application
  Rendered static_pages/root.html.erb within layouts/application (0.4ms)
Completed 200 OK in 75ms (Views: 73.1ms | ActiveRecord: 0.0ms)


Started GET "/" for ::1 at 2019-07-31 14:03:09 -0400
Processing by StaticPagesController#root as HTML
  Rendering static_pages/root.html.erb within layouts/application
  Rendered static_pages/root.html.erb within layouts/application (2.3ms)
Completed 200 OK in 515ms (Views: 511.1ms | ActiveRecord: 0.0ms)


Started GET "/" for ::1 at 2019-07-31 14:03:18 -0400
Processing by StaticPagesController#root as HTML
  Rendering static_pages/root.html.erb within layouts/application
  Rendered static_pages/root.html.erb within layouts/application (3.1ms)
Completed 200 OK in 38ms (Views: 36.3ms | ActiveRecord: 0.0ms)


Started GET "/" for ::1 at 2019-07-31 14:03:21 -0400
Processing by StaticPagesController#root as HTML
  Rendering static_pages/root.html.erb within layouts/application
  Rendered static_pages/root.html.erb within layouts/application (0.8ms)
Completed 200 OK in 42ms (Views: 40.6ms | ActiveRecord: 0.0ms)


Started GET "/" for ::1 at 2019-07-31 14:03:23 -0400
Processing by StaticPagesController#root as HTML
  Rendering static_pages/root.html.erb within layouts/application
  Rendered static_pages/root.html.erb within layouts/application (3.1ms)
Completed 200 OK in 59ms (Views: 57.1ms | ActiveRecord: 0.0ms)


Started GET "/" for ::1 at 2019-07-31 14:03:28 -0400
Processing by StaticPagesController#root as HTML
  Rendering static_pages/root.html.erb within layouts/application
  Rendered static_pages/root.html.erb within layouts/application (2.2ms)
Completed 200 OK in 50ms (Views: 46.3ms | ActiveRecord: 0.0ms)


Started GET "/" for ::1 at 2019-07-31 14:08:00 -0400
  [1m[35m (5.8ms)[0m  [1m[34mSELECT "schema_migrations"."version" FROM "schema_migrations" ORDER BY "schema_migrations"."version" ASC[0m
  ↳ /Users/galodesalazar/.rbenv/versions/2.5.1/lib/ruby/gems/2.5.0/gems/activerecord-5.2.3/lib/active_record/log_subscriber.rb:98
Processing by StaticPagesController#root as HTML
  Rendering static_pages/root.html.erb within layouts/application
  Rendered static_pages/root.html.erb within layouts/application (2.6ms)
Completed 200 OK in 2759ms (Views: 2756.7ms | ActiveRecord: 0.0ms)


Started GET "/" for ::1 at 2019-07-31 14:10:20 -0400
Processing by StaticPagesController#root as HTML
  Rendering static_pages/root.html.erb within layouts/application
  Rendered static_pages/root.html.erb within layouts/application (0.6ms)
Completed 200 OK in 76ms (Views: 72.0ms | ActiveRecord: 0.0ms)


Started GET "/" for ::1 at 2019-07-31 14:14:29 -0400
Processing by StaticPagesController#root as HTML
  Rendering static_pages/root.html.erb within layouts/application
  Rendered static_pages/root.html.erb within layouts/application (1.5ms)
Completed 200 OK in 541ms (Views: 536.2ms | ActiveRecord: 0.0ms)


Started GET "/" for ::1 at 2019-07-31 14:25:15 -0400
Processing by StaticPagesController#root as HTML
  Rendering static_pages/root.html.erb within layouts/application
  Rendered static_pages/root.html.erb within layouts/application (0.5ms)
Completed 200 OK in 497ms (Views: 493.5ms | ActiveRecord: 0.0ms)


Started GET "/" for ::1 at 2019-07-31 14:25:19 -0400
Processing by StaticPagesController#root as HTML
  Rendering static_pages/root.html.erb within layouts/application
  Rendered static_pages/root.html.erb within layouts/application (0.8ms)
Completed 200 OK in 51ms (Views: 48.4ms | ActiveRecord: 0.0ms)


Started GET "/" for ::1 at 2019-07-31 14:25:28 -0400
Processing by StaticPagesController#root as HTML
  Rendering static_pages/root.html.erb within layouts/application
  Rendered static_pages/root.html.erb within layouts/application (0.5ms)
Completed 200 OK in 80ms (Views: 77.3ms | ActiveRecord: 0.0ms)


Started GET "/" for ::1 at 2019-07-31 14:26:34 -0400
Processing by StaticPagesController#root as HTML
  Rendering static_pages/root.html.erb within layouts/application
  Rendered static_pages/root.html.erb within layouts/application (0.4ms)
Completed 200 OK in 453ms (Views: 450.1ms | ActiveRecord: 0.0ms)


Started GET "/" for ::1 at 2019-07-31 14:27:04 -0400
Processing by StaticPagesController#root as HTML
  Rendering static_pages/root.html.erb within layouts/application
  Rendered static_pages/root.html.erb within layouts/application (0.4ms)
Completed 200 OK in 440ms (Views: 437.5ms | ActiveRecord: 0.0ms)


Started GET "/" for ::1 at 2019-07-31 14:29:34 -0400
Processing by StaticPagesController#root as HTML
  Rendering static_pages/root.html.erb within layouts/application
  Rendered static_pages/root.html.erb within layouts/application (0.4ms)
Completed 200 OK in 466ms (Views: 463.0ms | ActiveRecord: 0.0ms)


Started GET "/" for ::1 at 2019-07-31 14:36:54 -0400
Processing by StaticPagesController#root as HTML
  Rendering static_pages/root.html.erb within layouts/application
  Rendered static_pages/root.html.erb within layouts/application (0.5ms)
Completed 200 OK in 476ms (Views: 472.5ms | ActiveRecord: 0.0ms)


Started GET "/" for ::1 at 2019-07-31 14:46:16 -0400
Processing by StaticPagesController#root as HTML
  Rendering static_pages/root.html.erb within layouts/application
  Rendered static_pages/root.html.erb within layouts/application (0.5ms)
Completed 200 OK in 532ms (Views: 529.2ms | ActiveRecord: 0.0ms)


Started GET "/" for ::1 at 2019-07-31 14:48:00 -0400
Processing by StaticPagesController#root as HTML
  Rendering static_pages/root.html.erb within layouts/application
  Rendered static_pages/root.html.erb within layouts/application (0.8ms)
Completed 200 OK in 483ms (Views: 479.6ms | ActiveRecord: 0.0ms)


Started GET "/" for ::1 at 2019-07-31 14:48:36 -0400
Processing by StaticPagesController#root as HTML
  Rendering static_pages/root.html.erb within layouts/application
  Rendered static_pages/root.html.erb within layouts/application (0.5ms)
Completed 200 OK in 506ms (Views: 501.5ms | ActiveRecord: 0.0ms)


Started GET "/" for ::1 at 2019-07-31 14:50:25 -0400
Processing by StaticPagesController#root as HTML
  Rendering static_pages/root.html.erb within layouts/application
  Rendered static_pages/root.html.erb within layouts/application (3.3ms)
Completed 200 OK in 628ms (Views: 623.0ms | ActiveRecord: 0.0ms)


Started GET "/" for ::1 at 2019-07-31 14:51:09 -0400
Processing by StaticPagesController#root as HTML
  Rendering static_pages/root.html.erb within layouts/application
  Rendered static_pages/root.html.erb within layouts/application (0.5ms)
Completed 200 OK in 474ms (Views: 470.5ms | ActiveRecord: 0.0ms)


Started GET "/" for ::1 at 2019-07-31 14:58:10 -0400
Processing by StaticPagesController#root as HTML
  Rendering static_pages/root.html.erb within layouts/application
  Rendered static_pages/root.html.erb within layouts/application (2.2ms)
Completed 200 OK in 582ms (Views: 572.4ms | ActiveRecord: 0.0ms)


Started GET "/" for ::1 at 2019-07-31 14:58:50 -0400
Processing by StaticPagesController#root as HTML
  Rendering static_pages/root.html.erb within layouts/application
  Rendered static_pages/root.html.erb within layouts/application (0.5ms)
Completed 200 OK in 473ms (Views: 469.8ms | ActiveRecord: 0.0ms)


Started GET "/" for ::1 at 2019-07-31 14:59:20 -0400
Processing by StaticPagesController#root as HTML
  Rendering static_pages/root.html.erb within layouts/application
  Rendered static_pages/root.html.erb within layouts/application (0.6ms)
Completed 200 OK in 480ms (Views: 476.2ms | ActiveRecord: 0.0ms)


Started POST "/api/session" for ::1 at 2019-07-31 15:04:55 -0400
Processing by Api::SessionsController#create as JSON
  Parameters: {"user"=>{"email"=>"gadlio@gmail.com", "password"=>"[FILTERED]"}}
Completed 500 Internal Server Error in 7ms (ActiveRecord: 0.0ms)


  
TypeError (no implicit conversion of Symbol into Integer):
  
app/controllers/api/sessions_controller.rb:6:in `create'
Started POST "/api/session" for ::1 at 2019-07-31 15:04:57 -0400
Processing by Api::SessionsController#create as JSON
  Parameters: {"user"=>{"email"=>"gadlio@gmail.com", "password"=>"[FILTERED]"}}
Completed 500 Internal Server Error in 1ms (ActiveRecord: 0.0ms)


  
TypeError (no implicit conversion of Symbol into Integer):
  
app/controllers/api/sessions_controller.rb:6:in `create'
Started POST "/api/session" for ::1 at 2019-07-31 15:04:58 -0400
Processing by Api::SessionsController#create as JSON
  Parameters: {"user"=>{"email"=>"gadlio@gmail.com", "password"=>"[FILTERED]"}}
Completed 500 Internal Server Error in 1ms (ActiveRecord: 0.0ms)


  
TypeError (no implicit conversion of Symbol into Integer):
  
app/controllers/api/sessions_controller.rb:6:in `create'
Started POST "/api/session" for ::1 at 2019-07-31 15:04:58 -0400
Processing by Api::SessionsController#create as JSON
  Parameters: {"user"=>{"email"=>"gadlio@gmail.com", "password"=>"[FILTERED]"}}
Completed 500 Internal Server Error in 1ms (ActiveRecord: 0.0ms)


  
TypeError (no implicit conversion of Symbol into Integer):
  
app/controllers/api/sessions_controller.rb:6:in `create'
Started POST "/api/session" for ::1 at 2019-07-31 15:04:58 -0400
Processing by Api::SessionsController#create as JSON
  Parameters: {"user"=>{"email"=>"gadlio@gmail.com", "password"=>"[FILTERED]"}}
Completed 500 Internal Server Error in 3ms (ActiveRecord: 0.0ms)


  
TypeError (no implicit conversion of Symbol into Integer):
  
app/controllers/api/sessions_controller.rb:6:in `create'
Started POST "/api/session" for ::1 at 2019-07-31 15:04:58 -0400
Processing by Api::SessionsController#create as JSON
  Parameters: {"user"=>{"email"=>"gadlio@gmail.com", "password"=>"[FILTERED]"}}
Completed 500 Internal Server Error in 1ms (ActiveRecord: 0.0ms)


  
TypeError (no implicit conversion of Symbol into Integer):
  
app/controllers/api/sessions_controller.rb:6:in `create'
Started POST "/api/session" for ::1 at 2019-07-31 15:04:58 -0400
Started POST "/api/session" for ::1 at 2019-07-31 15:04:59 -0400
Processing by Api::SessionsController#create as JSON
  Parameters: {"user"=>{"email"=>"gadlio@gmail.com", "password"=>"[FILTERED]"}}
Completed 500 Internal Server Error in 1ms (ActiveRecord: 0.0ms)


  
TypeError (no implicit conversion of Symbol into Integer):
Processing by Api::SessionsController#create as JSON
  Parameters: {"user"=>{"email"=>"gadlio@gmail.com", "password"=>"[FILTERED]"}}
  
Completed 500 Internal Server Error in 1ms (ActiveRecord: 0.0ms)


app/controllers/api/sessions_controller.rb:6:in `create'
  
TypeError (no implicit conversion of Symbol into Integer):
  
app/controllers/api/sessions_controller.rb:6:in `create'
Started POST "/api/session" for ::1 at 2019-07-31 15:04:59 -0400
Processing by Api::SessionsController#create as JSON
  Parameters: {"user"=>{"email"=>"gadlio@gmail.com", "password"=>"[FILTERED]"}}
Completed 500 Internal Server Error in 1ms (ActiveRecord: 0.0ms)


  
TypeError (no implicit conversion of Symbol into Integer):
  
app/controllers/api/sessions_controller.rb:6:in `create'
Started POST "/api/session" for ::1 at 2019-07-31 15:04:59 -0400
Processing by Api::SessionsController#create as JSON
  Parameters: {"user"=>{"email"=>"gadlio@gmail.com", "password"=>"[FILTERED]"}}
Completed 500 Internal Server Error in 1ms (ActiveRecord: 0.0ms)


  
TypeError (no implicit conversion of Symbol into Integer):
  
app/controllers/api/sessions_controller.rb:6:in `create'
Started GET "/" for ::1 at 2019-07-31 15:09:11 -0400
Processing by StaticPagesController#root as HTML
  Rendering static_pages/root.html.erb within layouts/application
  Rendered static_pages/root.html.erb within layouts/application (0.5ms)
Completed 200 OK in 625ms (Views: 622.4ms | ActiveRecord: 0.0ms)


Started POST "/api/session" for ::1 at 2019-07-31 15:09:28 -0400
Processing by Api::SessionsController#create as JSON
  Parameters: {"user"=>{"email"=>"asgasd@gmail.com", "password"=>"[FILTERED]"}}
Completed 500 Internal Server Error in 2ms (ActiveRecord: 0.0ms)


  
TypeError (no implicit conversion of Symbol into Integer):
  
app/controllers/api/sessions_controller.rb:6:in `create'
Started POST "/api/session" for ::1 at 2019-07-31 15:13:14 -0400
Processing by Api::SessionsController#create as JSON
  Parameters: {"user"=>{"email"=>"asgasd@gmail.com", "password"=>"[FILTERED]"}}
Completed 500 Internal Server Error in 1ms (ActiveRecord: 0.0ms)


  
TypeError (no implicit conversion of Symbol into Integer):
  
app/controllers/api/sessions_controller.rb:6:in `create'
Started GET "/" for ::1 at 2019-07-31 15:13:42 -0400
Processing by StaticPagesController#root as HTML
  Rendering static_pages/root.html.erb within layouts/application
  Rendered static_pages/root.html.erb within layouts/application (0.4ms)
Completed 200 OK in 86ms (Views: 83.2ms | ActiveRecord: 0.0ms)


Started POST "/api/session" for ::1 at 2019-07-31 15:13:53 -0400
Processing by Api::SessionsController#create as JSON
  Parameters: {"user"=>{"email"=>"askgjasdgjsa@gmail.com", "password"=>"[FILTERED]"}}
  [1m[36mUser Load (16.3ms)[0m  [1m[34mSELECT  "users".* FROM "users" WHERE "users"."email" = $1 LIMIT $2[0m  [["email", "askgjasdgjsa@gmail.com"], ["LIMIT", 1]]
  ↳ app/models/user.rb:23
Completed 401 Unauthorized in 48ms (Views: 0.3ms | ActiveRecord: 32.7ms)


Started POST "/api/user" for ::1 at 2019-07-31 15:17:47 -0400
Processing by Api::UsersController#create as JSON
  Parameters: {"user"=>{"email"=>"galo@gmail.com", "password"=>"[FILTERED]"}}
  [1m[35m (2.6ms)[0m  [1m[35mBEGIN[0m
  ↳ app/controllers/api/users_controller.rb:4
  [1m[35m (2.6ms)[0m  [1m[31mROLLBACK[0m
  ↳ app/controllers/api/users_controller.rb:4
Completed 500 Internal Server Error in 1922ms (ActiveRecord: 41.8ms)


  
NoMethodError (undefined method `zipcode' for #<User:0x00007f83f06a79f0>
Did you mean?  zip_code
               zip_code?
               zip_code=):
  
app/controllers/api/users_controller.rb:4:in `create'
Started GET "/" for ::1 at 2019-07-31 15:26:16 -0400
Processing by StaticPagesController#root as HTML
  Rendering static_pages/root.html.erb within layouts/application
  Rendered static_pages/root.html.erb within layouts/application (0.8ms)
Completed 200 OK in 634ms (Views: 630.6ms | ActiveRecord: 0.0ms)


Started GET "/" for ::1 at 2019-07-31 15:28:03 -0400
Processing by StaticPagesController#root as HTML
  Rendering static_pages/root.html.erb within layouts/application
  Rendered static_pages/root.html.erb within layouts/application (0.5ms)
Completed 200 OK in 619ms (Views: 615.9ms | ActiveRecord: 0.0ms)


